0 verbose cli /usr/bin/node /usr/bin/npm
1 info using npm@8.19.4
2 info using node@v16.20.2
3 timing npm:load:whichnode Completed in 1ms
4 timing config:load:defaults Completed in 2ms
5 timing config:load:file:/usr/lib/node_modules/npm/npmrc Completed in 1ms
6 timing config:load:builtin Completed in 1ms
7 timing config:load:cli Completed in 3ms
8 timing config:load:env Completed in 2ms
9 info found workspace root at /etc/cloud-shell-editor-lkg
10 timing config:load:file:/etc/cloud-shell-editor-lkg/.npmrc Completed in 0ms
11 timing config:load:project Completed in 26ms
12 timing config:load:file:/home/fernando_s/.npmrc Completed in 0ms
13 timing config:load:user Completed in 1ms
14 timing config:load:file:/usr/etc/npmrc Completed in 0ms
15 timing config:load:global Completed in 0ms
16 timing config:load:validate Completed in 2ms
17 timing config:load:credentials Completed in 2ms
18 timing config:load:setEnvs Completed in 1ms
19 timing config:load Completed in 40ms
20 timing npm:load:configload Completed in 40ms
21 timing npm:load:mkdirpcache Completed in 2ms
22 timing npm:load:mkdirplogs Completed in 0ms
23 verbose title npm config get prefix
24 verbose argv "config" "get" "prefix"
25 timing npm:load:setTitle Completed in 2ms
26 timing config:load:flatten Completed in 4ms
27 timing npm:load:display Completed in 5ms
28 verbose logfile logs-max:10 dir:/home/fernando_s/.npm/_logs
29 verbose logfile /home/fernando_s/.npm/_logs/2023-10-06T15_59_17_694Z-debug-0.log
30 timing npm:load:logFile Completed in 4ms
31 timing npm:load:timers Completed in 1ms
32 timing npm:load:configScope Completed in 0ms
33 timing npm:load Completed in 55ms
34 warn config This command does not support workspaces.
35 timing command:config Completed in 3ms
36 verbose exit 0
37 timing npm Completed in 68ms
38 info ok
